<?xml version="1.0" encoding="UTF-8"?>
<!-- Generated by org.testng.reporters.JUnitXMLReporter -->
<testsuite ignored="20" hostname="DESKTOP-PG8PE46" failures="0" tests="1" name="Default test" time="30.436" errors="0" timestamp="2024-03-29T17:13:57 IST">
  <testcase classname="BuyDirect.BuyDirectTests.EnrollScreenTest" name="check_NotificationLink" time="26.715"/>
  <testcase classname="BuyDirect.BuyDirectTests.EnrollScreenTest" name="partner_Logo_Name_Footer_Test" time="0.0">
    <ignored/>
  </testcase> <!-- partner_Logo_Name_Footer_Test -->
  <testcase classname="BuyDirect.BuyDirectTests.EnrollScreenTest" name="check_SignInLink" time="0.0">
    <ignored/>
  </testcase> <!-- check_SignInLink -->
  <testcase classname="BuyDirect.BuyDirectTests.EnrollScreenTest" name="check_TermLink" time="0.0">
    <ignored/>
  </testcase> <!-- check_TermLink -->
  <testcase classname="BuyDirect.BuyDirectTests.EnrollScreenTest" name="check_TermsTextClick_Ability" time="0.0">
    <ignored/>
  </testcase> <!-- check_TermsTextClick_Ability -->
  <testcase classname="BuyDirect.BuyDirectTests.EnrollScreenTest" name="check_Phone_Mandatory" time="0.0">
    <ignored/>
  </testcase> <!-- check_Phone_Mandatory -->
  <testcase classname="BuyDirect.BuyDirectTests.EnrollScreenTest" name="verify_Continue_Buttton" time="0.0">
    <ignored/>
  </testcase> <!-- verify_Continue_Buttton -->
  <testcase classname="BuyDirect.BuyDirectTests.EnrollScreenTest" name="check_PIN_Mandatory" time="0.0">
    <ignored/>
  </testcase> <!-- check_PIN_Mandatory -->
  <testcase classname="BuyDirect.BuyDirectTests.EnrollScreenTest" name="check_LasttName_Mandatory" time="0.0">
    <ignored/>
  </testcase> <!-- check_LasttName_Mandatory -->
  <testcase classname="BuyDirect.BuyDirectTests.EnrollScreenTest" name="check_Zip_Mandatory" time="0.0">
    <ignored/>
  </testcase> <!-- check_Zip_Mandatory -->
  <testcase classname="BuyDirect.BuyDirectTests.EnrollScreenTest" name="check_City_Mandatory" time="0.0">
    <ignored/>
  </testcase> <!-- check_City_Mandatory -->
  <testcase classname="BuyDirect.BuyDirectTests.EnrollScreenTest" name="check_state_Mandatory" time="0.0">
    <ignored/>
  </testcase> <!-- check_state_Mandatory -->
  <testcase classname="BuyDirect.BuyDirectTests.EnrollScreenTest" name="verify_Input" time="0.0">
    <ignored/>
  </testcase> <!-- verify_Input -->
  <testcase classname="BuyDirect.BuyDirectTests.EnrollScreenTest" name="check_StreetAddress_Mandatory" time="0.0">
    <ignored/>
  </testcase> <!-- check_StreetAddress_Mandatory -->
  <testcase classname="BuyDirect.BuyDirectTests.EnrollScreenTest" name="check_PartnerPhoneNumber" time="0.0">
    <ignored/>
  </testcase> <!-- check_PartnerPhoneNumber -->
  <testcase classname="BuyDirect.BuyDirectTests.EnrollScreenTest" name="check_IDStateAndNumber_Mandatory" time="0.0">
    <ignored/>
  </testcase> <!-- check_IDStateAndNumber_Mandatory -->
  <testcase classname="BuyDirect.BuyDirectTests.EnrollScreenTest" name="check_FirstName_Mandatory" time="0.0">
    <ignored/>
  </testcase> <!-- check_FirstName_Mandatory -->
  <testcase classname="BuyDirect.BuyDirectTests.EnrollScreenTest" name="check_Term_Mandatory" time="0.0">
    <ignored/>
  </testcase> <!-- check_Term_Mandatory -->
  <testcase classname="BuyDirect.BuyDirectTests.EnrollScreenTest" name="check_Email_Mandatory" time="0.0">
    <ignored/>
  </testcase> <!-- check_Email_Mandatory -->
  <testcase classname="BuyDirect.BuyDirectTests.EnrollScreenTest" name="verify_Enroll_Header" time="0.0">
    <ignored/>
  </testcase> <!-- verify_Enroll_Header -->
  <testcase classname="BuyDirect.BuyDirectTests.EnrollScreenTest" name="check_DOB_Mandatory" time="0.0">
    <ignored/>
  </testcase> <!-- check_DOB_Mandatory -->
</testsuite> <!-- Default test -->
