<?xml version="1.0" encoding="UTF-8"?>
<!-- Generated by org.testng.reporters.JUnitXMLReporter -->
<testsuite ignored="7" hostname="DESKTOP-PG8PE46" failures="0" tests="1" name="Default test" time="114.928" errors="0" timestamp="2024-05-08T14:36:49 IST">
  <testcase classname="BuyDirect.BuyDirectTests.PlasticScreenTest" name="verify_Plastic_Body_Texts" time="109.092"/>
  <testcase classname="BuyDirect.BuyDirectTests.PlasticScreenTest" name="PlasticScreen_Entry" time="0.0">
    <ignored/>
  </testcase> <!-- PlasticScreen_Entry -->
  <testcase classname="BuyDirect.BuyDirectTests.PlasticScreenTest" name="verify_default_Plastic_RadioButton" time="0.0">
    <ignored/>
  </testcase> <!-- verify_default_Plastic_RadioButton -->
  <testcase classname="BuyDirect.BuyDirectTests.PlasticScreenTest" name="verify_plastic_SubTitle_Text" time="0.0">
    <ignored/>
  </testcase> <!-- verify_plastic_SubTitle_Text -->
  <testcase classname="BuyDirect.BuyDirectTests.PlasticScreenTest" name="partner_Logo_Name_Footer_Test" time="0.0">
    <ignored/>
  </testcase> <!-- partner_Logo_Name_Footer_Test -->
  <testcase classname="BuyDirect.BuyDirectTests.PlasticScreenTest" name="verify_Continue_Buttton" time="0.0">
    <ignored/>
  </testcase> <!-- verify_Continue_Buttton -->
  <testcase classname="BuyDirect.BuyDirectTests.PlasticScreenTest" name="verify_RadionButtons_Clickable" time="0.0">
    <ignored/>
  </testcase> <!-- verify_RadionButtons_Clickable -->
  <testcase classname="BuyDirect.BuyDirectTests.PlasticScreenTest" name="verify_plasticHeader" time="0.0">
    <ignored/>
  </testcase> <!-- verify_plasticHeader -->
</testsuite> <!-- Default test -->
