<?xml version="1.0" encoding="UTF-8"?>
<testng-results ignored="0" total="1" passed="1" failed="0" skipped="0">
  <reporter-output>
  </reporter-output>
  <suite started-at="2024-05-03T15:21:46 IST" name="Suite" finished-at="2024-05-03T15:22:06 IST" duration-ms="19761">
    <groups>
    </groups>
    <test started-at="2024-05-03T15:21:46 IST" name="Test" finished-at="2024-05-03T15:22:06 IST" duration-ms="19761">
      <class name="BuyDirect.BuyDirectTests.LoginScreenTest">
        <test-method is-config="true" signature="launchApp()[pri:0, instance:BuyDirect.BuyDirectTests.LoginScreenTest@15ff3e9e]" started-at="2024-05-03T15:21:46 IST" name="launchApp" finished-at="2024-05-03T15:21:57 IST" duration-ms="10250" status="PASS">
          <reporter-output>
          </reporter-output>
        </test-method> <!-- launchApp -->
        <test-method signature="loginTest()[pri:0, instance:BuyDirect.BuyDirectTests.LoginScreenTest@15ff3e9e]" started-at="2024-05-03T15:21:57 IST" name="loginTest" finished-at="2024-05-03T15:22:05 IST" duration-ms="8162" status="PASS">
          <reporter-output>
          </reporter-output>
        </test-method> <!-- loginTest -->
        <test-method is-config="true" signature="tearDown()[pri:0, instance:BuyDirect.BuyDirectTests.LoginScreenTest@15ff3e9e]" started-at="2024-05-03T15:22:05 IST" name="tearDown" finished-at="2024-05-03T15:22:06 IST" duration-ms="1323" status="PASS">
          <reporter-output>
          </reporter-output>
        </test-method> <!-- tearDown -->
      </class> <!-- BuyDirect.BuyDirectTests.LoginScreenTest -->
    </test> <!-- Test -->
  </suite> <!-- Suite -->
</testng-results>
