<?xml version="1.0" encoding="UTF-8"?>
<testng-results ignored="0" total="1" passed="1" failed="0" skipped="0">
  <reporter-output>
  </reporter-output>
  <suite started-at="2024-04-29T21:05:46 IST" name="Suite" finished-at="2024-04-29T21:06:02 IST" duration-ms="16367">
    <groups>
    </groups>
    <test started-at="2024-04-29T21:05:46 IST" name="Test" finished-at="2024-04-29T21:06:02 IST" duration-ms="16367">
      <class name="BuyDirect.BuyDirectTests.LoginScreenTest">
        <test-method is-config="true" signature="launchApp()[pri:0, instance:BuyDirect.BuyDirectTests.LoginScreenTest@15ff3e9e]" started-at="2024-04-29T21:05:46 IST" name="launchApp" finished-at="2024-04-29T21:05:54 IST" duration-ms="7630" status="PASS">
          <reporter-output>
          </reporter-output>
        </test-method> <!-- launchApp -->
        <test-method signature="loginTest()[pri:0, instance:BuyDirect.BuyDirectTests.LoginScreenTest@15ff3e9e]" started-at="2024-04-29T21:05:54 IST" name="loginTest" finished-at="2024-04-29T21:06:02 IST" duration-ms="8431" status="PASS">
          <reporter-output>
          </reporter-output>
        </test-method> <!-- loginTest -->
        <test-method is-config="true" signature="tearDown()[pri:0, instance:BuyDirect.BuyDirectTests.LoginScreenTest@15ff3e9e]" started-at="2024-04-29T21:06:02 IST" name="tearDown" finished-at="2024-04-29T21:06:02 IST" duration-ms="218" status="PASS">
          <reporter-output>
          </reporter-output>
        </test-method> <!-- tearDown -->
      </class> <!-- BuyDirect.BuyDirectTests.LoginScreenTest -->
    </test> <!-- Test -->
  </suite> <!-- Suite -->
</testng-results>
