<?xml version="1.0" encoding="UTF-8"?>
<testng-results ignored="0" total="1" passed="1" failed="0" skipped="0">
  <reporter-output>
  </reporter-output>
  <suite started-at="2024-05-08T14:34:54 IST" name="Default suite" finished-at="2024-05-08T14:36:49 IST" duration-ms="114928">
    <groups>
    </groups>
    <test started-at="2024-05-08T14:34:54 IST" name="Default test" finished-at="2024-05-08T14:36:49 IST" duration-ms="114928">
      <class name="BuyDirect.BuyDirectTests.PlasticScreenTest">
        <test-method is-config="true" signature="launchApp()[pri:0, instance:BuyDirect.BuyDirectTests.PlasticScreenTest@5890e879]" started-at="2024-05-08T14:34:54 IST" name="launchApp" finished-at="2024-05-08T14:35:00 IST" duration-ms="5591" status="PASS">
          <reporter-output>
          </reporter-output>
        </test-method> <!-- launchApp -->
        <test-method signature="verify_Plastic_Body_Texts()[pri:0, instance:BuyDirect.BuyDirectTests.PlasticScreenTest@5890e879]" started-at="2024-05-08T14:35:00 IST" name="verify_Plastic_Body_Texts" finished-at="2024-05-08T14:36:49 IST" duration-ms="109092" status="PASS">
          <reporter-output>
          </reporter-output>
        </test-method> <!-- verify_Plastic_Body_Texts -->
        <test-method is-config="true" signature="tearDown()[pri:0, instance:BuyDirect.BuyDirectTests.PlasticScreenTest@5890e879]" started-at="2024-05-08T14:36:49 IST" name="tearDown" finished-at="2024-05-08T14:36:49 IST" duration-ms="211" status="PASS">
          <reporter-output>
          </reporter-output>
        </test-method> <!-- tearDown -->
      </class> <!-- BuyDirect.BuyDirectTests.PlasticScreenTest -->
    </test> <!-- Default test -->
  </suite> <!-- Default suite -->
</testng-results>
